ISim log file
Running: D:\ise14.7\Arch_ZJU\topic5\topic5\sim_mips_isim_beh.exe -intstyle ise -gui -tclbatch isim.cmd -wdb D:/ise14.7/Arch_ZJU/topic5/topic5/sim_mips_isim_beh.wdb 
ISim P.20131013 (signature 0x7708f090)
This is a Full version of ISim.
Time resolution is 1 ps
# onerror resume
# wave add /
# run 1000 ns
Simulator is doing circuit initialization process.
Finished circuit initialization process.
# run 2.00us
# restart
# run 2.00us
Simulator is doing circuit initialization process.
Finished circuit initialization process.
# run 9.00us
# run 2.00us
# run 2.00us
# restart
# run 2.00us
Simulator is doing circuit initialization process.
Finished circuit initialization process.
