Running: D:\ise14.7\14.7\ISE_DS\ISE\bin\nt64\unwrapped\fuse.exe -intstyle ise -incremental -lib unisims_ver -lib unimacro_ver -lib xilinxcorelib_ver -lib secureip -o D:/ise14.7/Arch_ZJU/topic3/topic3/sim_mips_isim_beh.exe -prj D:/ise14.7/Arch_ZJU/topic3/topic3/sim_mips_beh.prj work.sim_mips work.glbl 
ISim P.20131013 (signature 0x7708f090)
Number of CPUs detected in this system: 8
Turning on mult-threading, number of parallel sub-compilation jobs: 16 
Determining compilation order of HDL files
Analyzing Verilog file "D:/ise14.7/Arch_ZJU/topic3/topic3/regfile.v" into library work
Analyzing Verilog file "D:/ise14.7/Arch_ZJU/topic3/topic3/alu.v" into library work
Analyzing Verilog file "D:/ise14.7/Arch_ZJU/topic3/topic3/datapath.v" into library work
Analyzing Verilog file "D:/ise14.7/Arch_ZJU/topic3/topic3/controller.v" into library work
Analyzing Verilog file "D:/ise14.7/Arch_ZJU/topic3/topic3/mips_core.v" into library work
Analyzing Verilog file "D:/ise14.7/Arch_ZJU/topic3/topic3/inst_rom.v" into library work
Analyzing Verilog file "D:/ise14.7/Arch_ZJU/topic3/topic3/data_ram.v" into library work
Analyzing Verilog file "D:/ise14.7/Arch_ZJU/topic3/topic3/mips.v" into library work
Analyzing Verilog file "D:/ise14.7/Arch_ZJU/topic3/topic3/sim_mips.v" into library work
Analyzing Verilog file "D:/ise14.7/14.7/ISE_DS/ISE//verilog/src/glbl.v" into library work
Starting static elaboration
WARNING:HDLCompiler:1016 - "D:/ise14.7/Arch_ZJU/topic3/topic3/mips_core.v" Line 112: Port addr_rs_id is not connected to this instance
Completed static elaboration
Compiling module controller
Compiling module regfile
Compiling module alu
Compiling module datapath
Compiling module mips_core
Compiling module inst_rom
Compiling module data_ram
Compiling module mips
Compiling module sim_mips
Compiling module glbl
Time Resolution for simulation is 1ps.
Waiting for 1 sub-compilation(s) to finish...
Compiled 10 Verilog Units
Built simulation executable D:/ise14.7/Arch_ZJU/topic3/topic3/sim_mips_isim_beh.exe
Fuse Memory Usage: 28372 KB
Fuse CPU Usage: 671 ms
